2020-05-09 04:19:31,764 - __main__ - INFO - Training with the following arguments
remote_debug:True
mode:train
experiment_name:base_training
lint_ascii:True
case_lower:True
device:cuda
batch_size:16
learning_rate:0.001
num_epochs:30
early_stopping_threshold:5
data_dir:../data/splits
pretrained_vocab_path:../data/glove_vocab.txt
pretrained_glove_path:/DATA1/USERS/anirudh/glove6B/glove.6B.100d.txt
tbwriter_path:../tblogs
log_path:../logs/main.log
save_path:../checkpoints/
2020-05-09 04:19:49,709 - __main__ - INFO - Entered training
2020-05-09 04:19:51,234 - __main__ - INFO - Validation Loss Epoch -1 1.7957706401932914
2020-05-09 04:19:51,261 - __main__ - INFO - Epoch -1 Evaluation Results
               precision    recall  f1-score   support

     location       0.04      0.01      0.02       879
     products       0.17      0.07      0.10       597
         date       0.09      0.01      0.02      2000
random_string       0.00      0.00      0.00      2000
        other       0.21      0.01      0.01      1004
      company       0.21      0.78      0.33      2000

     accuracy                           0.19      8480
    macro avg       0.12      0.15      0.08      8480
 weighted avg       0.11      0.19      0.09      8480

2020-05-09 04:20:05,752 - __main__ - INFO - Epoch 0
2020-05-09 04:20:05,753 - __main__ - INFO - Train Loss 0.32105178753581814
2020-05-09 04:20:05,753 - __main__ - INFO - Validation Loss 0.3795187479693372
2020-05-09 04:20:05,754 - __main__ - INFO - Precision: 0.9198792819624839  Recall: 0.8734169869497452  FScore: 0.8878381074191122
2020-05-09 04:20:05,767 - __main__ - INFO - Checkpoint saved at ../checkpoints/base_training.ckpt
2020-05-09 04:20:20,639 - __main__ - INFO - Epoch 1
2020-05-09 04:20:20,640 - __main__ - INFO - Train Loss 0.2544189848778945
2020-05-09 04:20:20,640 - __main__ - INFO - Validation Loss 0.35797434790797955
2020-05-09 04:20:20,641 - __main__ - INFO - Precision: 0.9273891592852608  Recall: 0.876728591885756  FScore: 0.8916996316686839
2020-05-09 04:20:20,650 - __main__ - INFO - Checkpoint saved at ../checkpoints/base_training.ckpt
2020-05-09 04:20:34,357 - __main__ - INFO - Epoch 2
2020-05-09 04:20:34,358 - __main__ - INFO - Train Loss 0.23285553850681645
2020-05-09 04:20:34,358 - __main__ - INFO - Validation Loss 0.35337137474485164
2020-05-09 04:20:34,359 - __main__ - INFO - Precision: 0.9334742833443492  Recall: 0.8804077197972117  FScore: 0.8958450715033472
2020-05-09 04:20:34,369 - __main__ - INFO - Checkpoint saved at ../checkpoints/base_training.ckpt
2020-05-09 04:20:49,868 - __main__ - INFO - Epoch 3
2020-05-09 04:20:49,869 - __main__ - INFO - Train Loss 0.21882140419867663
2020-05-09 04:20:49,870 - __main__ - INFO - Validation Loss 0.3391730299219489
2020-05-09 04:20:49,871 - __main__ - INFO - Precision: 0.9347364672315798  Recall: 0.8784561603176536  FScore: 0.8955408253362115
2020-05-09 04:21:04,509 - __main__ - INFO - Epoch 4
2020-05-09 04:21:04,509 - __main__ - INFO - Train Loss 0.2100983044932122
2020-05-09 04:21:04,510 - __main__ - INFO - Validation Loss 0.3479995894614818
2020-05-09 04:21:04,511 - __main__ - INFO - Precision: 0.9349046912850963  Recall: 0.8839226421625067  FScore: 0.8991696026558453
2020-05-09 04:21:04,523 - __main__ - INFO - Checkpoint saved at ../checkpoints/base_training.ckpt
2020-05-09 04:21:19,357 - __main__ - INFO - Epoch 5
2020-05-09 04:21:19,358 - __main__ - INFO - Train Loss 0.20304952496816492
2020-05-09 04:21:19,359 - __main__ - INFO - Validation Loss 0.349239641826881
2020-05-09 04:21:19,359 - __main__ - INFO - Precision: 0.9333426408814159  Recall: 0.8860320944674905  FScore: 0.8992736419137107
2020-05-09 04:21:19,370 - __main__ - INFO - Checkpoint saved at ../checkpoints/base_training.ckpt
2020-05-09 04:21:34,560 - __main__ - INFO - Epoch 6
2020-05-09 04:21:34,561 - __main__ - INFO - Train Loss 0.1973652180409463
2020-05-09 04:21:34,561 - __main__ - INFO - Validation Loss 0.3372809897299926
2020-05-09 04:21:34,562 - __main__ - INFO - Precision: 0.9327915136000575  Recall: 0.8885895213914553  FScore: 0.900869125442397
2020-05-09 04:21:34,569 - __main__ - INFO - Checkpoint saved at ../checkpoints/base_training.ckpt
2020-05-09 04:21:52,452 - __main__ - INFO - Epoch 7
2020-05-09 04:21:52,453 - __main__ - INFO - Train Loss 0.1929134806279831
2020-05-09 04:21:52,453 - __main__ - INFO - Validation Loss 0.3419342741247196
2020-05-09 04:21:52,453 - __main__ - INFO - Precision: 0.9386470077079605  Recall: 0.8850156797001582  FScore: 0.9007150147523203
2020-05-09 04:22:09,395 - __main__ - INFO - Epoch 8
2020-05-09 04:22:09,396 - __main__ - INFO - Train Loss 0.18931650706140746
2020-05-09 04:22:09,397 - __main__ - INFO - Validation Loss 0.35204654157618587
2020-05-09 04:22:09,397 - __main__ - INFO - Precision: 0.9372015778903133  Recall: 0.8846665644976079  FScore: 0.8998566093710137
2020-05-09 04:22:25,155 - __main__ - INFO - Epoch 9
2020-05-09 04:22:25,155 - __main__ - INFO - Train Loss 0.18650895616101137
2020-05-09 04:22:25,156 - __main__ - INFO - Validation Loss 0.3464696832431726
2020-05-09 04:22:25,156 - __main__ - INFO - Precision: 0.9372163442627932  Recall: 0.8889091272965698  FScore: 0.9033640202702006
2020-05-09 04:22:25,164 - __main__ - INFO - Checkpoint saved at ../checkpoints/base_training.ckpt
2020-05-09 04:22:39,343 - __main__ - INFO - Epoch 10
2020-05-09 04:22:39,344 - __main__ - INFO - Train Loss 0.1840875824036973
2020-05-09 04:22:39,344 - __main__ - INFO - Validation Loss 0.3490219835402831
2020-05-09 04:22:39,344 - __main__ - INFO - Precision: 0.9329343505364598  Recall: 0.8867525813246463  FScore: 0.8984519992997918
2020-05-09 04:22:53,688 - __main__ - INFO - Epoch 11
2020-05-09 04:22:53,689 - __main__ - INFO - Train Loss 0.18136090041239272
2020-05-09 04:22:53,690 - __main__ - INFO - Validation Loss 0.37043565968227277
2020-05-09 04:22:53,690 - __main__ - INFO - Precision: 0.9353965076518517  Recall: 0.8861867588140511  FScore: 0.9007101333582485
2020-05-09 04:23:07,960 - __main__ - INFO - Epoch 12
2020-05-09 04:23:07,961 - __main__ - INFO - Train Loss 0.18105577157693914
2020-05-09 04:23:07,961 - __main__ - INFO - Validation Loss 0.3471841877308797
2020-05-09 04:23:07,961 - __main__ - INFO - Precision: 0.9376795483188124  Recall: 0.8903299191588009  FScore: 0.9038901676366007
2020-05-09 04:23:07,969 - __main__ - INFO - Checkpoint saved at ../checkpoints/base_training.ckpt
2020-05-09 04:23:22,375 - __main__ - INFO - Epoch 13
2020-05-09 04:23:22,376 - __main__ - INFO - Train Loss 0.17938089072814142
2020-05-09 04:23:22,376 - __main__ - INFO - Validation Loss 0.34887101160151496
2020-05-09 04:23:22,377 - __main__ - INFO - Precision: 0.936157477125599  Recall: 0.8884790175816267  FScore: 0.9029440796272916
2020-05-09 04:23:38,801 - __main__ - INFO - Epoch 14
2020-05-09 04:23:38,802 - __main__ - INFO - Train Loss 0.17924691614018642
2020-05-09 04:23:38,802 - __main__ - INFO - Validation Loss 0.35942145386218743
2020-05-09 04:23:38,803 - __main__ - INFO - Precision: 0.9372877969664897  Recall: 0.8916113396491118  FScore: 0.9044610301091507
2020-05-09 04:23:38,811 - __main__ - INFO - Checkpoint saved at ../checkpoints/base_training.ckpt
2020-05-09 04:23:54,816 - __main__ - INFO - Epoch 15
2020-05-09 04:23:54,816 - __main__ - INFO - Train Loss 0.17810405655258846
2020-05-09 04:23:54,817 - __main__ - INFO - Validation Loss 0.35770833011330017
2020-05-09 04:23:54,817 - __main__ - INFO - Precision: 0.9369734745520936  Recall: 0.8915351671845214  FScore: 0.9041256543755095
2020-05-09 04:24:09,032 - __main__ - INFO - Epoch 16
2020-05-09 04:24:09,033 - __main__ - INFO - Train Loss 0.17710624441267256
2020-05-09 04:24:09,034 - __main__ - INFO - Validation Loss 0.352510060333067
2020-05-09 04:24:09,034 - __main__ - INFO - Precision: 0.937272829689059  Recall: 0.8904779332351688  FScore: 0.9036330264054259
2020-05-09 04:24:23,254 - __main__ - INFO - Epoch 17
2020-05-09 04:24:23,255 - __main__ - INFO - Train Loss 0.1767822019485669
2020-05-09 04:24:23,255 - __main__ - INFO - Validation Loss 0.36095057388367835
2020-05-09 04:24:23,256 - __main__ - INFO - Precision: 0.9360231112230845  Recall: 0.8905710322082562  FScore: 0.903400827234425
2020-05-09 04:24:37,444 - __main__ - INFO - Epoch 18
2020-05-09 04:24:37,444 - __main__ - INFO - Train Loss 0.17601853955618352
2020-05-09 04:24:37,445 - __main__ - INFO - Validation Loss 0.3571641678060844
2020-05-09 04:24:37,445 - __main__ - INFO - Precision: 0.9354609283462335  Recall: 0.8892625103715005  FScore: 0.9018070148988206
2020-05-09 04:24:51,535 - __main__ - INFO - Epoch 19
2020-05-09 04:24:51,536 - __main__ - INFO - Train Loss 0.1767495602815201
2020-05-09 04:24:51,536 - __main__ - INFO - Validation Loss 0.36680794011950846
2020-05-09 04:24:51,537 - __main__ - INFO - Precision: 0.9367228312616159  Recall: 0.891915101275884  FScore: 0.9045957702320009
2020-05-09 04:24:51,547 - __main__ - INFO - Checkpoint saved at ../checkpoints/base_training.ckpt
2020-05-09 04:25:06,575 - __main__ - INFO - Epoch 20
2020-05-09 04:25:06,576 - __main__ - INFO - Train Loss 0.17508388904281913
2020-05-09 04:25:06,576 - __main__ - INFO - Validation Loss 0.3547902248703154
2020-05-09 04:25:06,576 - __main__ - INFO - Precision: 0.9370272031257093  Recall: 0.8897946572815613  FScore: 0.9027913902466979
2020-05-09 04:25:20,978 - __main__ - INFO - Epoch 21
2020-05-09 04:25:20,979 - __main__ - INFO - Train Loss 0.17400174691445602
2020-05-09 04:25:20,980 - __main__ - INFO - Validation Loss 0.36938827490600984
2020-05-09 04:25:20,980 - __main__ - INFO - Precision: 0.9340861004323134  Recall: 0.8898446389568403  FScore: 0.9021602082893146
2020-05-09 04:25:35,679 - __main__ - INFO - Epoch 22
2020-05-09 04:25:35,680 - __main__ - INFO - Train Loss 0.17498143194715562
2020-05-09 04:25:35,680 - __main__ - INFO - Validation Loss 0.37342431180635993
2020-05-09 04:25:35,681 - __main__ - INFO - Precision: 0.9345413208606539  Recall: 0.8901586556892506  FScore: 0.9023352546763627
2020-05-09 04:25:49,999 - __main__ - INFO - Epoch 23
2020-05-09 04:25:50,000 - __main__ - INFO - Train Loss 0.17354269669262717
2020-05-09 04:25:50,000 - __main__ - INFO - Validation Loss 0.36029161947761784
2020-05-09 04:25:50,000 - __main__ - INFO - Precision: 0.9353129520832099  Recall: 0.8891765321333107  FScore: 0.9022002011968727
2020-05-09 04:26:05,177 - __main__ - INFO - Epoch 24
2020-05-09 04:26:05,178 - __main__ - INFO - Train Loss 0.17499285078479004
2020-05-09 04:26:05,178 - __main__ - INFO - Validation Loss 0.361534119220802
2020-05-09 04:26:05,178 - __main__ - INFO - Precision: 0.9360193452587394  Recall: 0.8890505821056931  FScore: 0.9025778823671972
2020-05-09 04:26:20,522 - __main__ - INFO - Epoch 25
2020-05-09 04:26:20,522 - __main__ - INFO - Train Loss 0.17437004313764673
2020-05-09 04:26:20,523 - __main__ - INFO - Validation Loss 0.36293659871795547
2020-05-09 04:26:20,523 - __main__ - INFO - Precision: 0.9381622051047964  Recall: 0.8911587069607357  FScore: 0.9044051836432052
2020-05-09 04:26:20,524 - __main__ - INFO - Early Stopping criteria reached at epoch 25
2020-05-09 04:28:50,698 - __main__ - INFO - Test Results on best model
               precision    recall  f1-score   support

     location       0.95      0.62      0.75       878
     products       0.95      0.95      0.95       596
         date       1.00      0.88      0.94      2000
random_string       0.76      1.00      0.86      2000
        other       0.97      0.96      0.97      1004
      company       0.98      0.94      0.96      2000

     accuracy                           0.91      8478
    macro avg       0.94      0.89      0.90      8478
 weighted avg       0.93      0.91      0.91      8478

